0 info it worked if it ends with ok
1 verbose cli [ '/usr/local/bin/node',
1 verbose cli   '/usr/local/bin/npm',
1 verbose cli   'run',
1 verbose cli   'start-tornado' ]
2 info using npm@3.10.6
3 info using node@v6.4.0
4 verbose run-script [ 'prestart-tornado', 'start-tornado', 'poststart-tornado' ]
5 info lifecycle tableau_viz_apps@1.0.0~prestart-tornado: tableau_viz_apps@1.0.0
6 silly lifecycle tableau_viz_apps@1.0.0~prestart-tornado: no script for prestart-tornado, continuing
7 info lifecycle tableau_viz_apps@1.0.0~start-tornado: tableau_viz_apps@1.0.0
8 verbose lifecycle tableau_viz_apps@1.0.0~start-tornado: unsafe-perm in lifecycle true
9 verbose lifecycle tableau_viz_apps@1.0.0~start-tornado: PATH: /usr/local/lib/node_modules/npm/bin/node-gyp-bin:/Users/jinghuage/Documents/tableau/api/javascript/tableau_viz_apps/node_modules/.bin://anaconda/bin:/Users/jinghuage/miniconda2/bin:/Users/jinghuage/bin:/Users/jinghuage/bin/Sencha/Cmd/5.0.3.324:/opt/local/bin:/opt/local/sbin:/Applications/paraview.app/Contents/bin:/Applications/VisIt.app/Contents/MacOS:/Users/jinghuage/bin/mongodb-osx-x86_64-2.4.6/bin:/Library/TeX/texbin:/usr/local/bin:/usr/bin:/bin:/usr/sbin:/sbin:/opt/X11/bin:/Library/TeX/texbin
10 verbose lifecycle tableau_viz_apps@1.0.0~start-tornado: CWD: /Users/jinghuage/Documents/tableau/api/javascript/tableau_viz_apps
11 silly lifecycle tableau_viz_apps@1.0.0~start-tornado: Args: [ '-c',
11 silly lifecycle   'python ./app/server/websocket-python/server-tornado.py' ]
12 silly lifecycle tableau_viz_apps@1.0.0~start-tornado: Returned: code: 1  signal: null
13 info lifecycle tableau_viz_apps@1.0.0~start-tornado: Failed to exec start-tornado script
14 verbose stack Error: tableau_viz_apps@1.0.0 start-tornado: `python ./app/server/websocket-python/server-tornado.py`
14 verbose stack Exit status 1
14 verbose stack     at EventEmitter.<anonymous> (/usr/local/lib/node_modules/npm/lib/utils/lifecycle.js:255:16)
14 verbose stack     at emitTwo (events.js:106:13)
14 verbose stack     at EventEmitter.emit (events.js:191:7)
14 verbose stack     at ChildProcess.<anonymous> (/usr/local/lib/node_modules/npm/lib/utils/spawn.js:40:14)
14 verbose stack     at emitTwo (events.js:106:13)
14 verbose stack     at ChildProcess.emit (events.js:191:7)
14 verbose stack     at maybeClose (internal/child_process.js:852:16)
14 verbose stack     at Process.ChildProcess._handle.onexit (internal/child_process.js:215:5)
15 verbose pkgid tableau_viz_apps@1.0.0
16 verbose cwd /Users/jinghuage/Documents/tableau/api/javascript/tableau_viz_apps/app/server
17 error Darwin 15.6.0
18 error argv "/usr/local/bin/node" "/usr/local/bin/npm" "run" "start-tornado"
19 error node v6.4.0
20 error npm  v3.10.6
21 error code ELIFECYCLE
22 error tableau_viz_apps@1.0.0 start-tornado: `python ./app/server/websocket-python/server-tornado.py`
22 error Exit status 1
23 error Failed at the tableau_viz_apps@1.0.0 start-tornado script 'python ./app/server/websocket-python/server-tornado.py'.
23 error Make sure you have the latest version of node.js and npm installed.
23 error If you do, this is most likely a problem with the tableau_viz_apps package,
23 error not with npm itself.
23 error Tell the author that this fails on your system:
23 error     python ./app/server/websocket-python/server-tornado.py
23 error You can get information on how to open an issue for this project with:
23 error     npm bugs tableau_viz_apps
23 error Or if that isn't available, you can get their info via:
23 error     npm owner ls tableau_viz_apps
23 error There is likely additional logging output above.
24 verbose exit [ 1, true ]
